<?xml version="1.0" encoding="UTF-8"?>
<!-- Generated by org.testng.reporters.JUnitReportReporter -->
<testsuite hostname="LAPTOP-PA7FB3N6" failures="0" tests="2" name="qaclickacademy.AppiumTest" time="0.008" errors="0" timestamp="2020-07-22T14:25:02 ICT" skipped="0">
  <testcase classname="qaclickacademy.AppiumTest" name="IOSApps" time="0.004"/>
  <system-out/>
  <testcase classname="qaclickacademy.AppiumTest" name="NativeAppAndroid" time="0.004"/>
  <system-out/>
</testsuite> <!-- qaclickacademy.AppiumTest -->
