<?xml version="1.0" encoding="UTF-8"?>
<!-- Generated by org.testng.reporters.JUnitReportReporter -->
<testsuite hostname="LAPTOP-PA7FB3N6" failures="0" tests="1" name="qaclickacademy.AppTest" time="0.001" errors="0" timestamp="2020-07-22T14:14:57 ICT" skipped="0">
  <testcase classname="qaclickacademy.AppTest" name="testApp" time="0.001"/>
  <system-out/>
</testsuite> <!-- qaclickacademy.AppTest -->
